/Users/wang/Documents/mytikt/.venv/lib/python3.12/site-packages/fs/__init__.py:4: UserWarning: pkg_resources is deprecated as an API. See https://setuptools.pypa.io/en/latest/pkg_resources.html. The pkg_resources package is slated for removal as early as 2025-11-30. Refrain from using this package or pin to Setuptools<81.
  __import__("pkg_resources").declare_namespace(__name__)  # type: ignore
/Users/wang/Documents/mytikt/main.py:69: DeprecationWarning: 
        on_event is deprecated, use lifespan event handlers instead.

        Read more about it in the
        [FastAPI docs for Lifespan Events](https://fastapi.tiangolo.com/advanced/events/).
        
  @app.on_event("startup")
/Users/wang/Documents/mytikt/main.py:97: DeprecationWarning: 
        on_event is deprecated, use lifespan event handlers instead.

        Read more about it in the
        [FastAPI docs for Lifespan Events](https://fastapi.tiangolo.com/advanced/events/).
        
  @app.on_event("startup")
/Users/wang/Documents/mytikt/main.py:117: DeprecationWarning: 
        on_event is deprecated, use lifespan event handlers instead.

        Read more about it in the
        [FastAPI docs for Lifespan Events](https://fastapi.tiangolo.com/advanced/events/).
        
  @app.on_event("startup")
/Users/wang/Documents/mytikt/main.py:144: DeprecationWarning: 
        on_event is deprecated, use lifespan event handlers instead.

        Read more about it in the
        [FastAPI docs for Lifespan Events](https://fastapi.tiangolo.com/advanced/events/).
        
  @app.on_event("startup")
/Users/wang/Documents/mytikt/main.py:156: DeprecationWarning: 
        on_event is deprecated, use lifespan event handlers instead.

        Read more about it in the
        [FastAPI docs for Lifespan Events](https://fastapi.tiangolo.com/advanced/events/).
        
  @app.on_event("startup")
/Users/wang/Documents/mytikt/main.py:165: DeprecationWarning: 
        on_event is deprecated, use lifespan event handlers instead.

        Read more about it in the
        [FastAPI docs for Lifespan Events](https://fastapi.tiangolo.com/advanced/events/).
        
  @app.on_event("shutdown")
/Users/wang/Documents/mytikt/main.py:174: DeprecationWarning: 
        on_event is deprecated, use lifespan event handlers instead.

        Read more about it in the
        [FastAPI docs for Lifespan Events](https://fastapi.tiangolo.com/advanced/events/).
        
  @app.on_event("shutdown")
/Users/wang/Documents/mytikt/main.py:182: DeprecationWarning: 
        on_event is deprecated, use lifespan event handlers instead.

        Read more about it in the
        [FastAPI docs for Lifespan Events](https://fastapi.tiangolo.com/advanced/events/).
        
  @app.on_event("startup")
INFO:     Started server process [38401]
INFO:     Waiting for application startup.
INFO:     Application startup complete.
INFO:     Uvicorn running on http://0.0.0.0:8000 (Press CTRL+C to quit)
Using a slow image processor as `use_fast` is unset and a slow processor was saved with this model. `use_fast=True` will be the default behavior in v4.52, even if the model was saved with a slow processor. This will result in minor differences in outputs. You'll still be able to use a slow processor with `use_fast=False`.
Asking to truncate to max_length but no maximum length is provided and the model has no predefined maximum length. Default to no truncation.
[startup] 正在清理端口 8000...
[startup] 端口 8000 没有被占用
[startup] 端口清理完成
[boot] Media App API 即将启动: http://10.175.87.79:8000  (本机: http://localhost:8000)
[startup] 前端静态资源已托管: /Users/wang/Documents/mytikt/webclient/out
[startup] Skip DB init (set MEDIA_APP_INIT_ON_STARTUP=1 to enable).
[auto-scan] 开始监控目录: /Users/wang/Documents/mytikt/测试图片2
[auto-scan] 已启动 1 个目录实时监控任务。
[startup] 资产处理流水线已启动。
[boot] Media App API 即将启动: http://10.175.87.79:8000  (本机: http://localhost:8000)
[startup] 前端自动打开: 已禁用 (修改 main.py 中的 AUTO_OPEN_BROWSER 变量)
[startup] 提示: 将 AUTO_OPEN_BROWSER 改为 True 可启用自动打开前端
INFO:     127.0.0.1:49890 - "POST /search/clip HTTP/1.1" 200 OK
INFO:     172.29.45.74:59824 - "OPTIONS /search/clip HTTP/1.1" 200 OK
INFO:     172.29.45.74:59824 - "POST /search/clip HTTP/1.1" 200 OK
INFO:     172.29.45.74:59824 - "GET /media/13/tags HTTP/1.1" 200 OK
INFO:     172.29.45.74:59825 - "GET /media/87/tags HTTP/1.1" 200 OK
INFO:     172.29.45.74:59827 - "GET /media/13/thumbnail HTTP/1.1" 200 OK
INFO:     172.29.45.74:59826 - "GET /media/87/thumbnail HTTP/1.1" 200 OK
INFO:     172.29.45.74:59927 - "OPTIONS /search/clip HTTP/1.1" 200 OK
INFO:     172.29.45.74:59927 - "POST /search/clip HTTP/1.1" 200 OK
INFO:     172.29.45.74:59927 - "GET /media/2/tags HTTP/1.1" 200 OK
INFO:     172.29.45.74:59928 - "GET /media/5/tags HTTP/1.1" 200 OK
INFO:     172.29.45.74:59929 - "GET /media/2/thumbnail HTTP/1.1" 200 OK
INFO:     172.29.45.74:59930 - "GET /media/5/thumbnail HTTP/1.1" 200 OK
INFO:     Shutting down
INFO:     Waiting for application shutdown.
INFO:     Application shutdown complete.
INFO:     Finished server process [38401]
