   ▲ Next.js 16.0.0 (Turbopack)
   - Local:        http://localhost:3000
   - Network:      http://10.175.87.74:3000

 ✓ Starting...
 ✓ Ready in 531ms
i18next: languageChanged zh-CN
i18next: initialized {
  debug: true,
  initAsync: true,
  ns: [ 'translation' ],
  defaultNS: [ 'translation' ],
  fallbackLng: [ 'zh-CN' ],
  fallbackNS: false,
  supportedLngs: false,
  nonExplicitSupportedLngs: false,
  load: 'all',
  preload: false,
  simplifyPluralSuffix: true,
  keySeparator: '.',
  nsSeparator: ':',
  pluralSeparator: '_',
  contextSeparator: '_',
  partialBundledLanguages: false,
  saveMissing: false,
  updateMissing: false,
  saveMissingTo: 'fallback',
  saveMissingPlurals: true,
  missingKeyHandler: false,
  missingInterpolationHandler: false,
  postProcess: false,
  postProcessPassResolved: false,
  returnNull: false,
  returnEmptyString: true,
  returnObjects: false,
  joinArrays: false,
  returnedObjectHandler: false,
  parseMissingKeyHandler: false,
  appendNamespaceToMissingKey: false,
  appendNamespaceToCIMode: false,
  overloadTranslationOptionHandler: [Function: overloadTranslationOptionHandler],
  interpolation: {
    escapeValue: false,
    format: [Function: bound format],
    prefix: '{{',
    suffix: '}}',
    formatSeparator: ',',
    unescapePrefix: '-',
    nestingPrefix: '$t(',
    nestingSuffix: ')',
    nestingOptionsSeparator: ',',
    maxReplaces: 1000,
    skipOnVariables: true
  },
  cacheInBuiltFormats: true,
  resources: {
    'zh-CN': { translation: [Object] },
    'en-US': { translation: [Object] }
  },
  detection: {
    order: [ 'localStorage', 'navigator', 'htmlTag' ],
    caches: [ 'localStorage' ],
    lookupQuerystring: 'lng',
    lookupCookie: 'i18next',
    lookupLocalStorage: 'i18nextLng',
    lookupSessionStorage: 'i18nextLng',
    excludeCacheFor: [ 'cimode' ],
    convertDetectedLanguage: [Function: convertDetectedLanguage]
  },
  ignoreJSONStructure: true
}
 GET / 200 in 2.4s (compile: 2.2s, render: 162ms)
 GET / 200 in 2.1s (compile: 1955ms, render: 194ms)
 GET / 200 in 102ms (compile: 10ms, render: 92ms)
 GET / 200 in 80ms (compile: 44ms, render: 36ms)
 GET / 200 in 136ms (compile: 24ms, render: 112ms)
 ✓ Compiled in 118ms
 ✓ Compiled in 120ms
 ✓ Compiled in 138ms
 GET / 200 in 174ms (compile: 112ms, render: 62ms)
 GET / 200 in 57ms (compile: 24ms, render: 34ms)
 GET / 200 in 48ms (compile: 19ms, render: 29ms)
 GET / 200 in 63ms (compile: 21ms, render: 42ms)
